Determining if the pthread_create exist failed with the following output:
Change Dir: /media/zhenwei-qian/LinuxData/data/capture_window/build/CMakeFiles/CMakeTmp

Run Build Command:"/usr/bin/make" "cmTC_60999/fast"
/usr/bin/make -f CMakeFiles/cmTC_60999.dir/build.make CMakeFiles/cmTC_60999.dir/build
make[1]: Entering directory '/media/zhenwei-qian/LinuxData/data/capture_window/build/CMakeFiles/CMakeTmp'
Building C object CMakeFiles/cmTC_60999.dir/CheckSymbolExists.c.o
/usr/bin/gcc-5     -o CMakeFiles/cmTC_60999.dir/CheckSymbolExists.c.o   -c /media/zhenwei-qian/LinuxData/data/capture_window/build/CMakeFiles/CMakeTmp/CheckSymbolExists.c
Linking C executable cmTC_60999
/usr/bin/cmake -E cmake_link_script CMakeFiles/cmTC_60999.dir/link.txt --verbose=1
/usr/bin/gcc-5       CMakeFiles/cmTC_60999.dir/CheckSymbolExists.c.o  -o cmTC_60999 
CMakeFiles/cmTC_60999.dir/CheckSymbolExists.c.o：在函数‘main’中：
CheckSymbolExists.c:(.text+0x16)：对‘pthread_create’未定义的引用
collect2: error: ld returned 1 exit status
CMakeFiles/cmTC_60999.dir/build.make:97: recipe for target 'cmTC_60999' failed
make[1]: *** [cmTC_60999] Error 1
make[1]: Leaving directory '/media/zhenwei-qian/LinuxData/data/capture_window/build/CMakeFiles/CMakeTmp'
Makefile:126: recipe for target 'cmTC_60999/fast' failed
make: *** [cmTC_60999/fast] Error 2

File /media/zhenwei-qian/LinuxData/data/capture_window/build/CMakeFiles/CMakeTmp/CheckSymbolExists.c:
/* */
#include <pthread.h>

int main(int argc, char** argv)
{
  (void)argv;
#ifndef pthread_create
  return ((int*)(&pthread_create))[argc];
#else
  (void)argc;
  return 0;
#endif
}

Determining if the function pthread_create exists in the pthreads failed with the following output:
Change Dir: /media/zhenwei-qian/LinuxData/data/capture_window/build/CMakeFiles/CMakeTmp

Run Build Command:"/usr/bin/make" "cmTC_2688a/fast"
/usr/bin/make -f CMakeFiles/cmTC_2688a.dir/build.make CMakeFiles/cmTC_2688a.dir/build
make[1]: Entering directory '/media/zhenwei-qian/LinuxData/data/capture_window/build/CMakeFiles/CMakeTmp'
Building C object CMakeFiles/cmTC_2688a.dir/CheckFunctionExists.c.o
/usr/bin/gcc-5    -DCHECK_FUNCTION_EXISTS=pthread_create   -o CMakeFiles/cmTC_2688a.dir/CheckFunctionExists.c.o   -c /usr/share/cmake-3.5/Modules/CheckFunctionExists.c
Linking C executable cmTC_2688a
/usr/bin/cmake -E cmake_link_script CMakeFiles/cmTC_2688a.dir/link.txt --verbose=1
/usr/bin/gcc-5   -DCHECK_FUNCTION_EXISTS=pthread_create    CMakeFiles/cmTC_2688a.dir/CheckFunctionExists.c.o  -o cmTC_2688a -lpthreads 
/usr/bin/ld: 找不到 -lpthreads
collect2: error: ld returned 1 exit status
CMakeFiles/cmTC_2688a.dir/build.make:97: recipe for target 'cmTC_2688a' failed
make[1]: *** [cmTC_2688a] Error 1
make[1]: Leaving directory '/media/zhenwei-qian/LinuxData/data/capture_window/build/CMakeFiles/CMakeTmp'
Makefile:126: recipe for target 'cmTC_2688a/fast' failed
make: *** [cmTC_2688a/fast] Error 2


